::1 - - [30/May/2023:09:26:15 +0000] "GET / HTTP/1.1" 404 139 "-" "PostmanRuntime/7.32.2"
::1 - - [30/May/2023:09:26:38 +0000] "GET / HTTP/1.1" 404 139 "-" "PostmanRuntime/7.32.2"
::1 - - [30/May/2023:09:26:52 +0000] "GET /posts HTTP/1.1" 400 54 "-" "PostmanRuntime/7.32.2"
::1 - - [30/May/2023:09:48:29 +0000] "GET /login HTTP/1.1" 404 144 "-" "PostmanRuntime/7.32.2"
::1 - - [30/May/2023:09:50:10 +0000] "GET /login HTTP/1.1" 404 144 "-" "PostmanRuntime/7.32.2"
::1 - - [30/May/2023:09:50:22 +0000] "GET /login HTTP/1.1" 404 144 "-" "PostmanRuntime/7.32.2"
::1 - - [30/May/2023:10:03:17 +0000] "DELETE /posts/2 HTTP/1.1" 404 149 "-" "PostmanRuntime/7.32.2"
::1 - - [30/May/2023:10:03:30 +0000] "DELETE /posts/2 HTTP/1.1" 404 149 "-" "PostmanRuntime/7.32.2"
::1 - - [30/May/2023:10:06:38 +0000] "DELETE /posts/2 HTTP/1.1" 404 149 "-" "PostmanRuntime/7.32.2"
::1 - - [30/May/2023:10:08:14 +0000] "DELETE /posts/2 HTTP/1.1" 404 149 "-" "PostmanRuntime/7.32.2"
::1 - - [30/May/2023:10:08:36 +0000] "DELETE /posts/2 HTTP/1.1" 404 149 "-" "PostmanRuntime/7.32.2"
::1 - - [30/May/2023:10:10:09 +0000] "DELETE /posts HTTP/1.1" 404 147 "-" "PostmanRuntime/7.32.2"
::1 - - [30/May/2023:10:21:32 +0000] "DELETE /posts/2 HTTP/1.1" 500 43 "-" "PostmanRuntime/7.32.2"
::1 - - [30/May/2023:10:22:09 +0000] "DELETE /posts/2 HTTP/1.1" 500 43 "-" "PostmanRuntime/7.32.2"
::1 - - [30/May/2023:10:22:40 +0000] "DELETE /posts/2 HTTP/1.1" 500 43 "-" "PostmanRuntime/7.32.2"
::1 - - [30/May/2023:10:23:19 +0000] "DELETE /posts/2 HTTP/1.1" 500 43 "-" "PostmanRuntime/7.32.2"
::1 - - [30/May/2023:10:23:59 +0000] "DELETE /posts/2 HTTP/1.1" 500 43 "-" "PostmanRuntime/7.32.2"
::1 - - [30/May/2023:10:24:40 +0000] "DELETE /posts/2 HTTP/1.1" 500 43 "-" "PostmanRuntime/7.32.2"
::1 - - [30/May/2023:10:31:05 +0000] "DELETE /posts/2 HTTP/1.1" 500 43 "-" "PostmanRuntime/7.32.2"
::1 - - [30/May/2023:10:34:20 +0000] "DELETE /posts/2 HTTP/1.1" 500 43 "-" "PostmanRuntime/7.32.2"
::1 - - [30/May/2023:10:34:35 +0000] "DELETE /posts/2 HTTP/1.1" 500 43 "-" "PostmanRuntime/7.32.2"
::1 - - [30/May/2023:10:34:37 +0000] "DELETE /posts/2 HTTP/1.1" 500 43 "-" "PostmanRuntime/7.32.2"
::1 - - [30/May/2023:10:35:09 +0000] "DELETE /posts/2 HTTP/1.1" 500 43 "-" "PostmanRuntime/7.32.2"
::1 - - [30/May/2023:10:35:12 +0000] "DELETE /posts/2 HTTP/1.1" 500 43 "-" "PostmanRuntime/7.32.2"
::1 - - [30/May/2023:10:35:15 +0000] "DELETE /posts/2 HTTP/1.1" 500 43 "-" "PostmanRuntime/7.32.2"
::1 - - [30/May/2023:12:41:25 +0000] "PUT /posts/2 HTTP/1.1" 404 146 "-" "PostmanRuntime/7.32.2"
